<!DOCTYPE html PUBLIC "-//W3C//DTD XHTML 1.1//EN" "https://www.w3.org/TR/xhtml11/DTD/xhtml11.dtd">
<html xmlns="https://www.w3.org/1999/xhtml">
<head>
<meta http-equiv="content-type" content="text/html; charset=UTF-8"/>
<title>TestNG Report</title>
<style type="text/css">table {margin-bottom:10px;border-collapse:collapse;empty-cells:show}th,td {border:1px solid #009;padding:.25em .5em}th {vertical-align:bottom}td {vertical-align:top}table a {font-weight:bold}.stripe td {background-color: #E6EBF9}.num {text-align:right}.passedodd td {background-color: #3F3}.passedeven td {background-color: #0A0}.skippedodd td {background-color: #DDD}.skippedeven td {background-color: #CCC}.failedodd td,.attn {background-color: #F33}.failedeven td,.stripe .attn {background-color: #D00}.stacktrace {white-space:pre;font-family:monospace}.totop {font-size:85%;text-align:center;border-bottom:2px solid #000}.invisible {display:none}</style>
</head>
<body>
<table>
<tr><th>Test</th><th># Passed</th><th># Skipped</th><th># Retried</th><th># Failed</th><th>Time (ms)</th><th>Included Groups</th><th>Excluded Groups</th></tr>
<tr><th colspan="8">Suite</th></tr>
<tr><td><a href="#t0">master</a></td><td class="num">8</td><td class="num">0</td><td class="num">0</td><td class="num attn">3</td><td class="num">99,732</td><td></td><td></td></tr>
</table>
<table id='summary'><thead><tr><th>Class</th><th>Method</th><th>Start</th><th>Time (ms)</th></tr></thead><tbody><tr><th colspan="4">Suite</th></tr></tbody><tbody id="t0"><tr><th colspan="4">master &#8212; failed</th></tr><tr class="failedeven"><td rowspan="2">testCases.TC_003_LoginDDT</td><td><a href="#m0">verify_loginDDT</a></td><td rowspan="2">1736005636419</td><td rowspan="2">2809</td></tr><tr class="failedeven"><td><a href="#m1">verify_loginDDT</a></td></tr><tr class="failedodd"><td rowspan="1">testCases.TC_006_EndToEndTest</td><td><a href="#m2">endToendTest</a></td><td rowspan="1">1736005672822</td><td rowspan="1">32843</td></tr><tr><th colspan="4">master &#8212; passed</th></tr><tr class="passedeven"><td rowspan="1">testCases.TC_001_AccountRegistrationTest</td><td><a href="#m3">verify_account_registration</a></td><td rowspan="1">1736005610821</td><td rowspan="1">2346</td></tr><tr class="passedodd"><td rowspan="1">testCases.TC_002_LoginTest</td><td><a href="#m4">verify_login</a></td><td rowspan="1">1736005615689</td><td rowspan="1">1528</td></tr><tr class="passedeven"><td rowspan="4">testCases.TC_003_LoginDDT</td><td><a href="#m5">verify_loginDDT</a></td><td rowspan="4">1736005639447</td><td rowspan="4">12738</td></tr><tr class="passedeven"><td><a href="#m6">verify_loginDDT</a></td></tr><tr class="passedeven"><td><a href="#m7">verify_loginDDT</a></td></tr><tr class="passedeven"><td><a href="#m8">verify_loginDDT</a></td></tr><tr class="passedodd"><td rowspan="1">testCases.TC_004_SearchProductTest</td><td><a href="#m9">verify_pruductSearch</a></td><td rowspan="1">1736005662233</td><td rowspan="1">748</td></tr><tr class="passedeven"><td rowspan="1">testCases.TC_005_AddToCartPageTest</td><td><a href="#m10">verify_addToCart</a></td><td rowspan="1">1736005666709</td><td rowspan="1">2718</td></tr></tbody>
</table>
<h2>master</h2><h3 id="m0">testCases.TC_003_LoginDDT#verify_loginDDT</h3><table class="result"><tr class="param"><th>Parameter #1</th><th>Parameter #2</th><th>Parameter #3</th></tr><tr class="param stripe"><td>laksh@yahoo.com</td><td>Lakshmi</td><td>Invalid</td></tr><tr><th colspan="3">Exception</th></tr><tr><td colspan="3"><div class="stacktrace">java.lang.AssertionError: expected [true] but found [false]
	at testCases.TC_003_LoginDDT.verify_loginDDT(TC_003_LoginDDT.java:62)
	at java.base/java.util.ArrayList.forEach(ArrayList.java:1596)
... Removed 33 stack frames</div></td></tr></table><p class="totop"><a href="#summary">back to summary</a></p>
<h3 id="m1">testCases.TC_003_LoginDDT#verify_loginDDT</h3><table class="result"><tr class="param"><th>Parameter #1</th><th>Parameter #2</th><th>Parameter #3</th></tr><tr class="param stripe"><td>lakshmi@yahoo.com</td><td>Laxmi</td><td>Invalid</td></tr><tr><th colspan="3">Exception</th></tr><tr><td colspan="3"><div class="stacktrace">java.lang.AssertionError: expected [true] but found [false]
	at testCases.TC_003_LoginDDT.verify_loginDDT(TC_003_LoginDDT.java:62)
	at java.base/java.util.ArrayList.forEach(ArrayList.java:1596)
... Removed 33 stack frames</div></td></tr></table><p class="totop"><a href="#summary">back to summary</a></p>
<h3 id="m2">testCases.TC_006_EndToEndTest#endToendTest</h3><table class="result"><tr><th>Exception</th></tr><tr><td><div class="stacktrace">org.openqa.selenium.ElementNotInteractableException: element not interactable
  (Session info: chrome=131.0.6778.205)
Build info: version: &apos;4.27.0&apos;, revision: &apos;d6e718d134&apos;
System info: os.name: &apos;Windows 11&apos;, os.arch: &apos;amd64&apos;, os.version: &apos;10.0&apos;, java.version: &apos;21.0.1&apos;
Driver info: org.openqa.selenium.chrome.ChromeDriver
Command: [72bc06d8686307b05fecde043e4694fc, clickElement {id=f.6DCF11948136C4BC0E4BDEF24F9846C3.d.D454AF912A3F03EF4A1211612A4C8286.e.245}]
Capabilities {acceptInsecureCerts: false, browserName: chrome, browserVersion: 131.0.6778.205, chrome: {chromedriverVersion: 131.0.6778.204 (52183f9e99a..., userDataDir: C:\Users\hp\AppData\Local\T...}, fedcm:accounts: true, goog:chromeOptions: {debuggerAddress: localhost:51527}, networkConnectionEnabled: false, pageLoadStrategy: normal, platformName: windows, proxy: Proxy(), se:cdp: ws://localhost:51527/devtoo..., se:cdpVersion: 131.0.6778.205, setWindowRect: true, strictFileInteractability: false, timeouts: {implicit: 0, pageLoad: 300000, script: 30000}, unhandledPromptBehavior: dismiss and notify, webauthn:extension:credBlob: true, webauthn:extension:largeBlob: true, webauthn:extension:minPinLength: true, webauthn:extension:prf: true, webauthn:virtualAuthenticators: true}
Element: [[ChromeDriver: chrome on windows (72bc06d8686307b05fecde043e4694fc)] -&gt; xpath: //strong[normalize-space()=&apos;View Cart&apos;]]
Session ID: 72bc06d8686307b05fecde043e4694fc
	at org.openqa.selenium.remote.ErrorCodec.decode(ErrorCodec.java:167)
	at org.openqa.selenium.remote.codec.w3c.W3CHttpResponseCodec.decode(W3CHttpResponseCodec.java:138)
	at org.openqa.selenium.remote.codec.w3c.W3CHttpResponseCodec.decode(W3CHttpResponseCodec.java:50)
	at org.openqa.selenium.remote.HttpCommandExecutor.execute(HttpCommandExecutor.java:190)
	at org.openqa.selenium.remote.service.DriverCommandExecutor.invokeExecute(DriverCommandExecutor.java:216)
	at org.openqa.selenium.remote.service.DriverCommandExecutor.execute(DriverCommandExecutor.java:174)
	at org.openqa.selenium.remote.RemoteWebDriver.execute(RemoteWebDriver.java:545)
	at org.openqa.selenium.remote.RemoteWebElement.execute(RemoteWebElement.java:223)
	at org.openqa.selenium.remote.RemoteWebElement.click(RemoteWebElement.java:76)
	at org.openqa.selenium.support.pagefactory.internal.LocatingElementHandler.invoke(LocatingElementHandler.java:51)
	at jdk.proxy2/jdk.proxy2.$Proxy27.click(Unknown Source)
	at pageObjects.ShoppingCartPage.clickviewCart(ShoppingCartPage.java:33)
	at testCases.TC_006_EndToEndTest.endToendTest(TC_006_EndToEndTest.java:87)
	at java.base/java.util.ArrayList.forEach(ArrayList.java:1596)
... Removed 34 stack frames</div></td></tr></table><p class="totop"><a href="#summary">back to summary</a></p>
<h3 id="m3">testCases.TC_001_AccountRegistrationTest#verify_account_registration</h3><table class="result"><tr><th class="invisible"/></tr></table><p class="totop"><a href="#summary">back to summary</a></p>
<h3 id="m4">testCases.TC_002_LoginTest#verify_login</h3><table class="result"><tr><th class="invisible"/></tr></table><p class="totop"><a href="#summary">back to summary</a></p>
<h3 id="m5">testCases.TC_003_LoginDDT#verify_loginDDT</h3><table class="result"><tr class="param"><th>Parameter #1</th><th>Parameter #2</th><th>Parameter #3</th></tr><tr class="param stripe"><td>laks@yahoo.com</td><td>xyz</td><td>Invalid</td></tr></table><p class="totop"><a href="#summary">back to summary</a></p>
<h3 id="m6">testCases.TC_003_LoginDDT#verify_loginDDT</h3><table class="result"><tr class="param"><th>Parameter #1</th><th>Parameter #2</th><th>Parameter #3</th></tr><tr class="param stripe"><td>abc123@gmail.com</td><td>test@123</td><td>Valid</td></tr></table><p class="totop"><a href="#summary">back to summary</a></p>
<h3 id="m7">testCases.TC_003_LoginDDT#verify_loginDDT</h3><table class="result"><tr class="param"><th>Parameter #1</th><th>Parameter #2</th><th>Parameter #3</th></tr><tr class="param stripe"><td>heeraprasad1@gmail.com</td><td>Hps@123</td><td>Valid</td></tr></table><p class="totop"><a href="#summary">back to summary</a></p>
<h3 id="m8">testCases.TC_003_LoginDDT#verify_loginDDT</h3><table class="result"><tr class="param"><th>Parameter #1</th><th>Parameter #2</th><th>Parameter #3</th></tr><tr class="param stripe"><td>pavanoltraining@gmail.com</td><td>test@123</td><td>Invalid</td></tr></table><p class="totop"><a href="#summary">back to summary</a></p>
<h3 id="m9">testCases.TC_004_SearchProductTest#verify_pruductSearch</h3><table class="result"><tr><th class="invisible"/></tr></table><p class="totop"><a href="#summary">back to summary</a></p>
<h3 id="m10">testCases.TC_005_AddToCartPageTest#verify_addToCart</h3><table class="result"><tr><th class="invisible"/></tr></table><p class="totop"><a href="#summary">back to summary</a></p>
</body>
</html>
